2026-01-17T19:27:09 | touched: package.json
2024-12-07T02:53:41 | touched: test/Uniswaplabs.test.js
2026-01-08T11:11:47 | touched: LICENSE
2025-08-07T09:30:42 | touched: scripts/deploy.js
2024-10-07T17:29:54 | touched: .env.example
2026-01-11T10:43:48 | touched: test/Uniswaplabs.test.js
2024-06-19T15:06:46 | touched: LICENSE
2025-11-29T03:42:17 | touched: hardhat.config.js
2024-05-10T16:21:55 | touched: README.md
2026-01-07T04:40:59 | touched: test/Uniswaplabs.test.js
2025-05-11T23:44:11 | touched: hardhat.config.js
2026-01-05T09:55:36 | touched: scripts/deploy.js
2024-12-11T12:46:37 | touched: package.json
2025-01-29T11:25:29 | touched: test/Uniswaplabs.test.js
2026-01-20T23:45:52 | touched: test/Uniswaplabs.test.js
2025-03-03T15:34:50 | touched: contracts/Uniswaplabs.sol
2026-01-25T22:24:50 | touched: README.md
2024-09-13T15:38:19 | touched: README.md
2025-12-17T04:44:45 | touched: test/Uniswaplabs.test.js
2024-08-24T05:12:04 | touched: package.json
2024-09-10T16:05:03 | touched: hardhat.config.js
2025-02-26T17:41:48 | touched: scripts/deploy.js
2025-10-19T16:31:19 | touched: .env.example
2024-04-17T11:11:20 | touched: scripts/deploy.js
2026-01-10T21:43:00 | touched: package.json
2024-05-28T19:01:01 | touched: .env.example
2024-11-30T02:56:48 | touched: LICENSE
2025-04-06T02:12:52 | touched: test/Uniswaplabs.test.js
2025-03-20T23:34:45 | touched: .env.example
2025-04-10T14:51:35 | touched: hardhat.config.js
2025-07-11T11:23:47 | touched: README.md
2025-08-25T19:04:52 | touched: hardhat.config.js
2025-01-06T12:54:41 | touched: .env.example
2025-09-03T19:41:31 | touched: hardhat.config.js
2025-04-29T08:59:17 | touched: LICENSE
2025-09-29T15:26:37 | touched: test/Uniswaplabs.test.js
2025-08-04T07:21:44 | touched: package.json
2025-01-30T18:22:07 | touched: LICENSE
2025-04-17T13:30:47 | touched: contracts/Uniswaplabs.sol
